
===========================================================================
report_clock_skew
============================================================================
Clock clk
Latency      CRPR       Skew
_35396_/CLK ^
  14.01
_35767_/CLK ^
   6.33     -0.51       7.17

Clock clk_hkspi_sck
Latency      CRPR       Skew
_35307_/CLK ^
   2.66
_35308_/CLK ^
   1.27     -0.14       1.26

Clock dll_clk
Latency      CRPR       Skew
_35281_/CLK ^
   3.93
_35294_/CLK ^
   1.00     -0.09       2.84

Clock dll_clk90
Latency      CRPR       Skew
_35140_/CLK ^
   6.97
_35161_/CLK ^
   1.55     -0.14       5.28

Clock spi_master
Latency      CRPR       Skew
_35396_/CLK ^
  14.71
_33629_/CLK ^
   8.16     -0.87       5.68

