
===========================================================================
 report_power
============================================================================
======================= Fastest Corner ===================================

Group                  Internal  Switching    Leakage      Total
                          Power      Power      Power      Power (Watts)
----------------------------------------------------------------
Sequential             1.07e-02   1.61e-03   5.63e-06   1.23e-02  21.8%
Combinational          1.98e-02   2.45e-02   8.17e-07   4.42e-02  78.2%
Macro                  0.00e+00   0.00e+00   0.00e+00   0.00e+00   0.0%
Pad                    0.00e+00   0.00e+00   0.00e+00   0.00e+00   0.0%
----------------------------------------------------------------
Total                  3.05e-02   2.61e-02   6.45e-06   5.66e-02 100.0%
                          53.9%      46.1%       0.0%

======================= Slowest Corner ===================================

Group                  Internal  Switching    Leakage      Total
                          Power      Power      Power      Power (Watts)
----------------------------------------------------------------
Sequential             7.34e-03   1.07e-03   7.31e-05   8.48e-03  21.7%
Combinational          1.40e-02   1.63e-02   2.41e-04   3.06e-02  78.3%
Macro                  0.00e+00   0.00e+00   0.00e+00   0.00e+00   0.0%
Pad                    0.00e+00   0.00e+00   0.00e+00   0.00e+00   0.0%
----------------------------------------------------------------
Total                  2.13e-02   1.74e-02   3.15e-04   3.91e-02 100.0%
                          54.6%      44.6%       0.8%

======================= Typical Corner ===================================

Group                  Internal  Switching    Leakage      Total
                          Power      Power      Power      Power (Watts)
----------------------------------------------------------------
Sequential             9.30e-03   1.36e-03   5.60e-06   1.07e-02  21.9%
Combinational          1.74e-02   2.08e-02   3.86e-07   3.81e-02  78.1%
Macro                  0.00e+00   0.00e+00   0.00e+00   0.00e+00   0.0%
Pad                    0.00e+00   0.00e+00   0.00e+00   0.00e+00   0.0%
----------------------------------------------------------------
Total                  2.67e-02   2.21e-02   5.99e-06   4.88e-02 100.0%
                          54.6%      45.4%       0.0%

