
===========================================================================
 report_power
============================================================================
======================= Fastest Corner ===================================

Group                  Internal  Switching    Leakage      Total
                          Power      Power      Power      Power (Watts)
----------------------------------------------------------------
Sequential             1.07e-02   1.51e-03   5.63e-06   1.22e-02  22.2%
Combinational          1.97e-02   2.30e-02   8.17e-07   4.28e-02  77.8%
Macro                  0.00e+00   0.00e+00   0.00e+00   0.00e+00   0.0%
Pad                    0.00e+00   0.00e+00   0.00e+00   0.00e+00   0.0%
----------------------------------------------------------------
Total                  3.05e-02   2.46e-02   6.45e-06   5.50e-02 100.0%
                          55.4%      44.6%       0.0%

======================= Slowest Corner ===================================

Group                  Internal  Switching    Leakage      Total
                          Power      Power      Power      Power (Watts)
----------------------------------------------------------------
Sequential             7.34e-03   1.00e-03   7.31e-05   8.42e-03  22.1%
Combinational          1.40e-02   1.54e-02   2.41e-04   2.96e-02  77.9%
Macro                  0.00e+00   0.00e+00   0.00e+00   0.00e+00   0.0%
Pad                    0.00e+00   0.00e+00   0.00e+00   0.00e+00   0.0%
----------------------------------------------------------------
Total                  2.13e-02   1.64e-02   3.15e-04   3.80e-02 100.0%
                          56.1%      43.1%       0.8%

======================= Typical Corner ===================================

Group                  Internal  Switching    Leakage      Total
                          Power      Power      Power      Power (Watts)
----------------------------------------------------------------
Sequential             9.30e-03   1.27e-03   5.60e-06   1.06e-02  22.3%
Combinational          1.74e-02   1.96e-02   3.86e-07   3.69e-02  77.7%
Macro                  0.00e+00   0.00e+00   0.00e+00   0.00e+00   0.0%
Pad                    0.00e+00   0.00e+00   0.00e+00   0.00e+00   0.0%
----------------------------------------------------------------
Total                  2.67e-02   2.08e-02   5.99e-06   4.75e-02 100.0%
                          56.1%      43.9%       0.0%

