
===========================================================================
 report_power
============================================================================
======================= Fastest Corner ===================================

Group                  Internal  Switching    Leakage      Total
                          Power      Power      Power      Power (Watts)
----------------------------------------------------------------
Sequential             1.07e-02   1.63e-03   5.63e-06   1.24e-02  21.1%
Combinational          2.05e-02   2.59e-02   1.38e-06   4.64e-02  78.9%
Macro                  0.00e+00   0.00e+00   0.00e+00   0.00e+00   0.0%
Pad                    0.00e+00   0.00e+00   0.00e+00   0.00e+00   0.0%
----------------------------------------------------------------
Total                  3.12e-02   2.75e-02   7.01e-06   5.87e-02 100.0%
                          53.2%      46.8%       0.0%

======================= Slowest Corner ===================================

Group                  Internal  Switching    Leakage      Total
                          Power      Power      Power      Power (Watts)
----------------------------------------------------------------
Sequential             7.34e-03   1.08e-03   7.31e-05   8.50e-03  20.9%
Combinational          1.45e-02   1.73e-02   2.66e-04   3.21e-02  79.1%
Macro                  0.00e+00   0.00e+00   0.00e+00   0.00e+00   0.0%
Pad                    0.00e+00   0.00e+00   0.00e+00   0.00e+00   0.0%
----------------------------------------------------------------
Total                  2.19e-02   1.84e-02   3.39e-04   4.06e-02 100.0%
                          53.9%      45.3%       0.8%

======================= Typical Corner ===================================

Group                  Internal  Switching    Leakage      Total
                          Power      Power      Power      Power (Watts)
----------------------------------------------------------------
Sequential             9.30e-03   1.37e-03   5.60e-06   1.07e-02  21.1%
Combinational          1.80e-02   2.20e-02   8.95e-07   4.00e-02  78.9%
Macro                  0.00e+00   0.00e+00   0.00e+00   0.00e+00   0.0%
Pad                    0.00e+00   0.00e+00   0.00e+00   0.00e+00   0.0%
----------------------------------------------------------------
Total                  2.73e-02   2.33e-02   6.50e-06   5.07e-02 100.0%
                          53.9%      46.1%       0.0%

