
===========================================================================
report_clock_skew
============================================================================
Clock clk
Latency      CRPR       Skew
openframe_example/_35396_/CLK ^
  15.57
openframe_example/_35767_/CLK ^
   7.74     -0.66       7.17

Clock clk_hkspi_sck
Latency      CRPR       Skew
openframe_example/_35307_/CLK ^
   3.39
openframe_example/_35308_/CLK ^
   1.93     -0.20       1.25

Clock dll_clk
Latency      CRPR       Skew
openframe_example/_35281_/CLK ^
   3.93
openframe_example/_35294_/CLK ^
   1.00     -0.09       2.84

Clock dll_clk90
Latency      CRPR       Skew
openframe_example/_35140_/CLK ^
   6.97
openframe_example/_35161_/CLK ^
   1.55     -0.14       5.28

