
===========================================================================
 report_power
============================================================================
======================= Fastest Corner ===================================

Group                  Internal  Switching    Leakage      Total
                          Power      Power      Power      Power (Watts)
----------------------------------------------------------------
Sequential             1.07e-02   1.53e-03   5.63e-06   1.23e-02  21.5%
Combinational          2.05e-02   2.43e-02   1.38e-06   4.48e-02  78.5%
Macro                  0.00e+00   0.00e+00   0.00e+00   0.00e+00   0.0%
Pad                    0.00e+00   0.00e+00   0.00e+00   0.00e+00   0.0%
----------------------------------------------------------------
Total                  3.12e-02   2.59e-02   7.01e-06   5.71e-02 100.0%
                          54.7%      45.3%       0.0%

======================= Slowest Corner ===================================

Group                  Internal  Switching    Leakage      Total
                          Power      Power      Power      Power (Watts)
----------------------------------------------------------------
Sequential             7.35e-03   1.01e-03   7.31e-05   8.43e-03  21.4%
Combinational          1.45e-02   1.63e-02   2.66e-04   3.10e-02  78.6%
Macro                  0.00e+00   0.00e+00   0.00e+00   0.00e+00   0.0%
Pad                    0.00e+00   0.00e+00   0.00e+00   0.00e+00   0.0%
----------------------------------------------------------------
Total                  2.19e-02   1.73e-02   3.39e-04   3.95e-02 100.0%
                          55.4%      43.7%       0.9%

======================= Typical Corner ===================================

Group                  Internal  Switching    Leakage      Total
                          Power      Power      Power      Power (Watts)
----------------------------------------------------------------
Sequential             9.31e-03   1.29e-03   5.60e-06   1.06e-02  21.5%
Combinational          1.80e-02   2.07e-02   8.95e-07   3.87e-02  78.5%
Macro                  0.00e+00   0.00e+00   0.00e+00   0.00e+00   0.0%
Pad                    0.00e+00   0.00e+00   0.00e+00   0.00e+00   0.0%
----------------------------------------------------------------
Total                  2.73e-02   2.20e-02   6.50e-06   4.93e-02 100.0%
                          55.4%      44.6%       0.0%

