
===========================================================================
 report_power
============================================================================
======================= Fastest Corner ===================================

Group                  Internal  Switching    Leakage      Total
                          Power      Power      Power      Power (Watts)
----------------------------------------------------------------
Sequential             1.07e-02   1.69e-03   5.63e-06   1.24e-02  21.5%
Combinational          1.98e-02   2.56e-02   8.17e-07   4.54e-02  78.5%
Macro                  0.00e+00   0.00e+00   0.00e+00   0.00e+00   0.0%
Pad                    0.00e+00   0.00e+00   0.00e+00   0.00e+00   0.0%
----------------------------------------------------------------
Total                  3.05e-02   2.73e-02   6.45e-06   5.78e-02 100.0%
                          52.8%      47.2%       0.0%

======================= Slowest Corner ===================================

Group                  Internal  Switching    Leakage      Total
                          Power      Power      Power      Power (Watts)
----------------------------------------------------------------
Sequential             7.34e-03   1.12e-03   7.31e-05   8.53e-03  21.4%
Combinational          1.40e-02   1.71e-02   2.41e-04   3.14e-02  78.6%
Macro                  0.00e+00   0.00e+00   0.00e+00   0.00e+00   0.0%
Pad                    0.00e+00   0.00e+00   0.00e+00   0.00e+00   0.0%
----------------------------------------------------------------
Total                  2.13e-02   1.82e-02   3.15e-04   3.99e-02 100.0%
                          53.5%      45.7%       0.8%

======================= Typical Corner ===================================

Group                  Internal  Switching    Leakage      Total
                          Power      Power      Power      Power (Watts)
----------------------------------------------------------------
Sequential             9.30e-03   1.43e-03   5.60e-06   1.07e-02  21.5%
Combinational          1.74e-02   2.18e-02   3.86e-07   3.91e-02  78.5%
Macro                  0.00e+00   0.00e+00   0.00e+00   0.00e+00   0.0%
Pad                    0.00e+00   0.00e+00   0.00e+00   0.00e+00   0.0%
----------------------------------------------------------------
Total                  2.67e-02   2.32e-02   5.99e-06   4.99e-02 100.0%
                          53.5%      46.5%       0.0%

