
===========================================================================
report_clock_skew
============================================================================
Clock clk
Latency      CRPR       Skew
openframe_example/_35396_/CLK ^
  16.14
openframe_example/_35767_/CLK ^
   8.04     -0.69       7.41

Clock clk_hkspi_sck
Latency      CRPR       Skew
openframe_example/_35307_/CLK ^
   3.51
openframe_example/_35308_/CLK ^
   2.00     -0.21       1.30

Clock dll_clk
Latency      CRPR       Skew
openframe_example/_35281_/CLK ^
   4.05
openframe_example/_35294_/CLK ^
   1.05     -0.10       2.90

Clock dll_clk90
Latency      CRPR       Skew
openframe_example/_35140_/CLK ^
   7.16
openframe_example/_35161_/CLK ^
   1.61     -0.15       5.40

