
===========================================================================
 report_power
============================================================================
======================= Fastest Corner ===================================

Group                  Internal  Switching    Leakage      Total
                          Power      Power      Power      Power (Watts)
----------------------------------------------------------------
Sequential             1.07e-02   1.71e-03   5.63e-06   1.24e-02  20.7%
Combinational          2.05e-02   2.71e-02   1.38e-06   4.77e-02  79.3%
Macro                  0.00e+00   0.00e+00   0.00e+00   0.00e+00   0.0%
Pad                    0.00e+00   0.00e+00   0.00e+00   0.00e+00   0.0%
----------------------------------------------------------------
Total                  3.13e-02   2.89e-02   7.01e-06   6.01e-02 100.0%
                          52.0%      48.0%       0.0%

======================= Slowest Corner ===================================

Group                  Internal  Switching    Leakage      Total
                          Power      Power      Power      Power (Watts)
----------------------------------------------------------------
Sequential             7.34e-03   1.13e-03   7.31e-05   8.55e-03  20.6%
Combinational          1.45e-02   1.81e-02   2.66e-04   3.29e-02  79.4%
Macro                  0.00e+00   0.00e+00   0.00e+00   0.00e+00   0.0%
Pad                    0.00e+00   0.00e+00   0.00e+00   0.00e+00   0.0%
----------------------------------------------------------------
Total                  2.19e-02   1.93e-02   3.39e-04   4.15e-02 100.0%
                          52.7%      46.5%       0.8%

======================= Typical Corner ===================================

Group                  Internal  Switching    Leakage      Total
                          Power      Power      Power      Power (Watts)
----------------------------------------------------------------
Sequential             9.30e-03   1.44e-03   5.60e-06   1.07e-02  20.7%
Combinational          1.80e-02   2.31e-02   8.95e-07   4.11e-02  79.3%
Macro                  0.00e+00   0.00e+00   0.00e+00   0.00e+00   0.0%
Pad                    0.00e+00   0.00e+00   0.00e+00   0.00e+00   0.0%
----------------------------------------------------------------
Total                  2.73e-02   2.45e-02   6.50e-06   5.18e-02 100.0%
                          52.7%      47.3%       0.0%

